<?xml version="1.0" encoding="UTF-8"?>
<!-- Generated by org.testng.reporters.JUnitReportReporter -->
<testsuite skipped="0" hostname="DESKTOP-OPNNFTC" name="com.autotest.tests.CucumberRunner" tests="1" failures="0" timestamp="19 Sep 2020 04:46:35 GMT" time="0.191" errors="1">
  <testcase name="runScenario" time="0.191" classname="com.autotest.tests.CucumberRunner">
    <error type="io.cucumber.core.backend.CucumberBackendException" message="Please annotate a glue class with some context configuration.

For example:

   @CucumberContextConfiguration
   @SpringBootTest(classes = TestConfig.class)
   public class CucumberSpringConfiguration { }
Or: 

   @CucumberContextConfiguration
   @ContextConfiguration( ... )
   public class CucumberSpringConfiguration { }">
      <![CDATA[io.cucumber.core.backend.CucumberBackendException: Please annotate a glue class with some context configuration.

For example:

   @CucumberContextConfiguration
   @SpringBootTest(classes = TestConfig.class)
   public class CucumberSpringConfiguration { }
Or: 

   @CucumberContextConfiguration
   @ContextConfiguration( ... )
   public class CucumberSpringConfiguration { }
at io.cucumber.spring.SpringFactory.start(SpringFactory.java:129)
at io.cucumber.core.runner.Runner.buildBackendWorlds(Runner.java:97)
at io.cucumber.core.runner.Runner.runPickle(Runner.java:65)
at io.cucumber.testng.TestNGCucumberRunner.lambda$runScenario$0(TestNGCucumberRunner.java:115)
at io.cucumber.core.runtime.CucumberExecutionContext.runTestCase(CucumberExecutionContext.java:117)
at io.cucumber.testng.TestNGCucumberRunner.runScenario(TestNGCucumberRunner.java:112)
at io.cucumber.testng.AbstractTestNGCucumberTests.runScenario(AbstractTestNGCucumberTests.java:31)
at sun.reflect.NativeMethodAccessorImpl.invoke0(Native Method)
at sun.reflect.NativeMethodAccessorImpl.invoke(NativeMethodAccessorImpl.java:62)
at sun.reflect.DelegatingMethodAccessorImpl.invoke(DelegatingMethodAccessorImpl.java:43)
at java.lang.reflect.Method.invoke(Method.java:498)
at org.testng.internal.MethodInvocationHelper.invokeMethod(MethodInvocationHelper.java:124)
at org.testng.internal.Invoker.invokeMethod(Invoker.java:583)
at org.testng.internal.Invoker.invokeTestMethod(Invoker.java:719)
at org.testng.internal.TestMethodWithDataProviderMethodWorker.call(TestMethodWithDataProviderMethodWorker.java:71)
at org.testng.internal.TestMethodWithDataProviderMethodWorker.call(TestMethodWithDataProviderMethodWorker.java:14)
at java.util.concurrent.FutureTask.run(FutureTask.java:266)
at java.util.concurrent.Executors$RunnableAdapter.call(Executors.java:511)
at java.util.concurrent.FutureTask.run(FutureTask.java:266)
at java.util.concurrent.ThreadPoolExecutor.runWorker(ThreadPoolExecutor.java:1149)
at java.util.concurrent.ThreadPoolExecutor$Worker.run(ThreadPoolExecutor.java:624)
at java.lang.Thread.run(Thread.java:748)
]]>
    </error>
  </testcase> <!-- runScenario -->
</testsuite> <!-- com.autotest.tests.CucumberRunner -->
